<?xml version="1.0" encoding="UTF-8"?>
<!-- Generated by org.testng.reporters.JUnitReportReporter -->
<testsuite hostname="PC-LONGNGUYEN" failures="0" tests="5" name="com.nopcommerce.user.Level_16_Share_Data_A" time="0.000" errors="0" timestamp="16 Jan 2023 07:42:05 GMT" skipped="5">
  <testcase classname="com.nopcommerce.user.Level_16_Share_Data_A" name="Verify_01_My_Account" time="0.000">
    <skipped/>
  </testcase> <!-- Verify_01_My_Account -->
  <testcase classname="com.nopcommerce.user.Level_16_Share_Data_A" name="Search_01_Empty_Data" time="0.000">
    <skipped/>
  </testcase> <!-- Search_01_Empty_Data -->
  <testcase classname="com.nopcommerce.user.Level_16_Share_Data_A" name="Search_04_Parent_Category" time="0.000">
    <skipped/>
  </testcase> <!-- Search_04_Parent_Category -->
  <testcase classname="com.nopcommerce.user.Level_16_Share_Data_A" name="Search_02_Relative_Product_Name" time="0.000">
    <skipped/>
  </testcase> <!-- Search_02_Relative_Product_Name -->
  <testcase classname="com.nopcommerce.user.Level_16_Share_Data_A" name="Search_03_Absolute_Product_Name" time="0.000">
    <skipped/>
  </testcase> <!-- Search_03_Absolute_Product_Name -->
</testsuite> <!-- com.nopcommerce.user.Level_16_Share_Data_A -->
