<?xml version="1.0" encoding="UTF-8"?>
<!-- Generated by org.testng.reporters.JUnitReportReporter -->
<testsuite hostname="PC-LONGNGUYEN" failures="0" tests="2" name="com.nopcommerce.user.Level_20_Manage_Data_Part_II" time="7.457" errors="0" timestamp="16 Jan 2023 08:36:02 GMT" skipped="0">
  <testcase classname="com.nopcommerce.user.Level_20_Manage_Data_Part_II" name="User_02_Login" time="3.591"/>
  <testcase classname="com.nopcommerce.user.Level_20_Manage_Data_Part_II" name="User_01_Register" time="3.866"/>
</testsuite> <!-- com.nopcommerce.user.Level_20_Manage_Data_Part_II -->
